<?xml version="1.0" encoding="UTF-8"?>
<testng-results ignored="0" total="2" passed="2" failed="0" skipped="0">
  <reporter-output>
  </reporter-output>
  <suite started-at="2025-09-06T16:21:42 IST" name="Default suite" finished-at="2025-09-06T16:21:46 IST" duration-ms="3665">
    <groups>
    </groups>
    <test started-at="2025-09-06T16:21:42 IST" name="Default test" finished-at="2025-09-06T16:21:46 IST" duration-ms="3665">
      <class name="Session03.test_GETMethod">
        <test-method signature="test()[pri:0, instance:Session03.test_GETMethod@194bcebf]" started-at="2025-09-06T16:21:42 IST" name="test" finished-at="2025-09-06T16:21:45 IST" duration-ms="3139" status="PASS">
          <reporter-output>
          </reporter-output>
        </test-method> <!-- test -->
        <test-method signature="test02()[pri:0, instance:Session03.test_GETMethod@194bcebf]" started-at="2025-09-06T16:21:45 IST" name="test02" finished-at="2025-09-06T16:21:46 IST" duration-ms="446" status="PASS">
          <reporter-output>
          </reporter-output>
        </test-method> <!-- test02 -->
      </class> <!-- Session03.test_GETMethod -->
    </test> <!-- Default test -->
  </suite> <!-- Default suite -->
</testng-results>
