<?xml version="1.0" encoding="UTF-8"?>
<!-- Generated by org.testng.reporters.JUnitReportReporter -->
<testsuite hostname="inlen6239007809" failures="0" tests="2" name="Session15JSON.jsonObjectUsingJavaMapDemo" time="4.232" errors="0" timestamp="2025-01-29T07:46:31 IST" skipped="1">
  <testcase classname="Session15JSON.jsonObjectUsingJavaMapDemo" name="createUser" time="4.232"/>
  <system-out/>
  <testcase classname="Session15JSON.jsonObjectUsingJavaMapDemo" name="createAuthToken">
    <skipped/>
  </testcase> <!-- createAuthToken -->
  <system-out/>
</testsuite> <!-- Session15JSON.jsonObjectUsingJavaMapDemo -->
