<?xml version="1.0" encoding="UTF-8"?>
<!-- Generated by org.testng.reporters.JUnitReportReporter -->
<testsuite hostname="inlen6239007809" failures="0" tests="2" name="Session27MockAPIEasily_ConvertJSONResponseToPOJOClassObject.DemoTest" time="4.765" errors="1" timestamp="2025-02-11T08:51:41 IST" skipped="0">
  <testcase classname="Session27MockAPIEasily_ConvertJSONResponseToPOJOClassObject.DemoTest" name="test3" time="0.865">
    <error message="com.fasterxml.jackson.databind.exc.UnrecognizedPropertyException: Unrecognized field &quot;techSkill&quot; (class Session27MockAPIEasily_ConvertJSONResponseToPOJOClassObject.EmpPojo), not marked as ignorable (4 known properties: &quot;salary&quot;, &quot;name&quot;, &quot;job&quot;, &quot;age&quot;])
 at [Source: (String)&quot;{
\u0009&quot;name&quot;:&quot;Rohan&quot;,
\u0009&quot;job&quot;:&quot;Student&quot;,
\u0009&quot;age&quot;:12,
\u0009&quot;salary&quot;:10000.00,
\u0009&quot;techSkill&quot;:{
\u0009\u0009&quot;Programming Language&quot;:&quot;Java&quot;,
\u0009\u0009&quot;UI Automation&quot;:&quot;Selenium&quot;,
\u0009\u0009&quot;API Testing&quot;:&quot;RestAssured&quot;
\u0009}
}&quot;; line: 6, column: 15] (through reference chain: Session27MockAPIEasily_ConvertJSONResponseToPOJOClassObject.EmpPojo[&quot;techSkill&quot;])" type="java.lang.RuntimeException">
      <![CDATA[java.lang.RuntimeException: com.fasterxml.jackson.databind.exc.UnrecognizedPropertyException: Unrecognized field "techSkill" (class Session27MockAPIEasily_ConvertJSONResponseToPOJOClassObject.EmpPojo), not marked as ignorable (4 known properties: "salary", "name", "job", "age"])
 at [Source: (String)"{
\u0009"name":"Rohan",
\u0009"job":"Student",
\u0009"age":12,
\u0009"salary":10000.00,
\u0009"techSkill":{
\u0009\u0009"Programming Language":"Java",
\u0009\u0009"UI Automation":"Selenium",
\u0009\u0009"API Testing":"RestAssured"
\u0009}
}"; line: 6, column: 15] (through reference chain: Session27MockAPIEasily_ConvertJSONResponseToPOJOClassObject.EmpPojo["techSkill"])
at io.restassured.internal.path.json.mapping.JsonPathJackson2ObjectDeserializer.deserialize(JsonPathJackson2ObjectDeserializer.java:30)
at io.restassured.path.json.mapping.JsonPathObjectDeserializer$deserialize.call(Unknown Source)
at org.codehaus.groovy.runtime.callsite.CallSiteArray.defaultCall(CallSiteArray.java:45)
at org.codehaus.groovy.runtime.callsite.AbstractCallSite.call(AbstractCallSite.java:125)
at org.codehaus.groovy.runtime.callsite.AbstractCallSite.call(AbstractCallSite.java:139)
at io.restassured.internal.mapping.Jackson2Mapper.deserialize(Jackson2Mapper.groovy:58)
at io.restassured.mapper.ObjectMapper$deserialize.call(Unknown Source)
at org.codehaus.groovy.runtime.callsite.CallSiteArray.defaultCall(CallSiteArray.java:45)
at org.codehaus.groovy.runtime.callsite.AbstractCallSite.call(AbstractCallSite.java:125)
at org.codehaus.groovy.runtime.callsite.AbstractCallSite.call(AbstractCallSite.java:139)
at io.restassured.internal.mapping.ObjectMapping.parseWithJackson2(ObjectMapping.groovy:254)
at io.restassured.internal.mapping.ObjectMapping$parseWithJackson2$0.callStatic(Unknown Source)
at org.codehaus.groovy.runtime.callsite.CallSiteArray.defaultCallStatic(CallSiteArray.java:53)
at org.codehaus.groovy.runtime.callsite.AbstractCallSite.callStatic(AbstractCallSite.java:217)
at org.codehaus.groovy.runtime.callsite.AbstractCallSite.callStatic(AbstractCallSite.java:240)
at io.restassured.internal.mapping.ObjectMapping.deserialize(ObjectMapping.groovy:56)
at io.restassured.internal.mapping.ObjectMapping$deserialize.call(Unknown Source)
at org.codehaus.groovy.runtime.callsite.CallSiteArray.defaultCall(CallSiteArray.java:45)
at org.codehaus.groovy.runtime.callsite.AbstractCallSite.call(AbstractCallSite.java:125)
at io.restassured.internal.RestAssuredResponseOptionsGroovyImpl.as(RestAssuredResponseOptionsGroovyImpl.groovy:229)
at io.restassured.internal.RestAssuredResponseOptionsImpl.as(RestAssuredResponseOptionsImpl.java:169)
at Session27MockAPIEasily_ConvertJSONResponseToPOJOClassObject.DemoTest.test3(DemoTest.java:26)
at java.base/jdk.internal.reflect.NativeMethodAccessorImpl.invoke0(Native Method)
at java.base/jdk.internal.reflect.NativeMethodAccessorImpl.invoke(NativeMethodAccessorImpl.java:77)
at java.base/jdk.internal.reflect.DelegatingMethodAccessorImpl.invoke(DelegatingMethodAccessorImpl.java:43)
at java.base/java.lang.reflect.Method.invoke(Method.java:568)
at org.testng.internal.invokers.MethodInvocationHelper.invokeMethod(MethodInvocationHelper.java:139)
at org.testng.internal.invokers.TestInvoker.invokeMethod(TestInvoker.java:677)
at org.testng.internal.invokers.TestInvoker.invokeTestMethod(TestInvoker.java:221)
at org.testng.internal.invokers.MethodRunner.runInSequence(MethodRunner.java:50)
at org.testng.internal.invokers.TestInvoker$MethodInvocationAgent.invoke(TestInvoker.java:969)
at org.testng.internal.invokers.TestInvoker.invokeTestMethods(TestInvoker.java:194)
at org.testng.internal.invokers.TestMethodWorker.invokeTestMethods(TestMethodWorker.java:148)
at org.testng.internal.invokers.TestMethodWorker.run(TestMethodWorker.java:128)
at java.base/java.util.ArrayList.forEach(ArrayList.java:1511)
at org.testng.TestRunner.privateRun(TestRunner.java:829)
at org.testng.TestRunner.run(TestRunner.java:602)
at org.testng.SuiteRunner.runTest(SuiteRunner.java:437)
at org.testng.SuiteRunner.runSequentially(SuiteRunner.java:431)
at org.testng.SuiteRunner.privateRun(SuiteRunner.java:391)
at org.testng.SuiteRunner.run(SuiteRunner.java:330)
at org.testng.SuiteRunnerWorker.runSuite(SuiteRunnerWorker.java:52)
at org.testng.SuiteRunnerWorker.run(SuiteRunnerWorker.java:95)
at org.testng.TestNG.runSuitesSequentially(TestNG.java:1256)
at org.testng.TestNG.runSuitesLocally(TestNG.java:1176)
at org.testng.TestNG.runSuites(TestNG.java:1099)
at org.testng.TestNG.run(TestNG.java:1067)
at org.testng.remote.AbstractRemoteTestNG.run(AbstractRemoteTestNG.java:115)
at org.testng.remote.RemoteTestNG.initAndRun(RemoteTestNG.java:293)
at org.testng.remote.RemoteTestNG.main(RemoteTestNG.java:91)
Caused by: com.fasterxml.jackson.databind.exc.UnrecognizedPropertyException: Unrecognized field "techSkill" (class Session27MockAPIEasily_ConvertJSONResponseToPOJOClassObject.EmpPojo), not marked as ignorable (4 known properties: "salary", "name", "job", "age"])
 at [Source: (String)"{
\u0009"name":"Rohan",
\u0009"job":"Student",
\u0009"age":12,
\u0009"salary":10000.00,
\u0009"techSkill":{
\u0009\u0009"Programming Language":"Java",
\u0009\u0009"UI Automation":"Selenium",
\u0009\u0009"API Testing":"RestAssured"
\u0009}
}"; line: 6, column: 15] (through reference chain: Session27MockAPIEasily_ConvertJSONResponseToPOJOClassObject.EmpPojo["techSkill"])
at com.fasterxml.jackson.databind.exc.UnrecognizedPropertyException.from(UnrecognizedPropertyException.java:61)
at com.fasterxml.jackson.databind.DeserializationContext.handleUnknownProperty(DeserializationContext.java:1138)
at com.fasterxml.jackson.databind.deser.std.StdDeserializer.handleUnknownProperty(StdDeserializer.java:2224)
at com.fasterxml.jackson.databind.deser.BeanDeserializerBase.handleUnknownProperty(BeanDeserializerBase.java:1709)
at com.fasterxml.jackson.databind.deser.BeanDeserializerBase.handleUnknownVanilla(BeanDeserializerBase.java:1687)
at com.fasterxml.jackson.databind.deser.BeanDeserializer.vanillaDeserialize(BeanDeserializer.java:320)
at com.fasterxml.jackson.databind.deser.BeanDeserializer.deserialize(BeanDeserializer.java:177)
at com.fasterxml.jackson.databind.deser.DefaultDeserializationContext.readRootValue(DefaultDeserializationContext.java:323)
at com.fasterxml.jackson.databind.ObjectMapper._readMapAndClose(ObjectMapper.java:4825)
at com.fasterxml.jackson.databind.ObjectMapper.readValue(ObjectMapper.java:3772)
at io.restassured.internal.path.json.mapping.JsonPathJackson2ObjectDeserializer.deserialize(JsonPathJackson2ObjectDeserializer.java:28)
... 49 more
]]>
    </error>
  </testcase> <!-- test3 -->
  <system-out/>
  <testcase classname="Session27MockAPIEasily_ConvertJSONResponseToPOJOClassObject.DemoTest" name="test2" time="3.900"/>
  <system-out/>
</testsuite> <!-- Session27MockAPIEasily_ConvertJSONResponseToPOJOClassObject.DemoTest -->
