<?xml version="1.0" encoding="UTF-8"?>
<!-- Generated by org.testng.reporters.JUnitReportReporter -->
<testsuite hostname="inlen6239007809" failures="0" tests="1" name="Session09BearerToken.createAnewUserUsingBearerToken" time="7.923" errors="0" timestamp="2025-01-19T15:55:21 IST" skipped="0">
  <testcase classname="Session09BearerToken.createAnewUserUsingBearerToken" name="validateBearerToken" time="7.923"/>
  <system-out/>
</testsuite> <!-- Session09BearerToken.createAnewUserUsingBearerToken -->
