<?xml version="1.0" encoding="UTF-8"?>
<!-- Generated by org.testng.reporters.JUnitReportReporter -->
<testsuite hostname="inlen6239007809" failures="0" tests="1" name="Session25IgnoreFieldsfromPOJOClassFromSerializationDeserialization.DemoJsonIgnore" time="0.472" errors="0" timestamp="2025-02-08T10:02:15 IST" skipped="0">
  <testcase classname="Session25IgnoreFieldsfromPOJOClassFromSerializationDeserialization.DemoJsonIgnore" name="test" time="0.472"/>
  <system-out/>
</testsuite> <!-- Session25IgnoreFieldsfromPOJOClassFromSerializationDeserialization.DemoJsonIgnore -->
