<?xml version="1.0" encoding="UTF-8"?>
<!-- Generated by org.testng.reporters.JUnitReportReporter -->
<testsuite hostname="inlen6239007809" failures="0" tests="1" name="Session28_HowToAddHeaderInRequest.AddHeaderRequest" time="3.975" errors="0" timestamp="2025-02-12T08:56:51 IST" skipped="0">
  <testcase classname="Session28_HowToAddHeaderInRequest.AddHeaderRequest" name="addHeaderswithrequest" time="3.975"/>
  <system-out/>
</testsuite> <!-- Session28_HowToAddHeaderInRequest.AddHeaderRequest -->
