<?xml version="1.0" encoding="UTF-8"?>
<!-- Generated by org.testng.reporters.JUnitReportReporter -->
<testsuite hostname="inlen6239007809" failures="0" tests="1" name="Session17CreateJsonObjectUsingJacksonAPI.JsonObjectUSingJacksonapi" time="4.402" errors="0" timestamp="2025-02-01T10:55:21 IST" skipped="0">
  <testcase classname="Session17CreateJsonObjectUsingJacksonAPI.JsonObjectUSingJacksonapi" name="createUser" time="4.402"/>
  <system-out/>
</testsuite> <!-- Session17CreateJsonObjectUsingJacksonAPI.JsonObjectUSingJacksonapi -->
