<?xml version="1.0" encoding="UTF-8"?>
<!-- Generated by org.testng.reporters.JUnitReportReporter -->
<testsuite hostname="inlen6239007809" failures="0" tests="1" name="Session13RetriveRequestSpecificationData.Retrivereqspec" time="1.154" errors="0" timestamp="2025-01-25T08:27:38 IST" skipped="0">
  <testcase classname="Session13RetriveRequestSpecificationData.Retrivereqspec" name="validate_Retrivereqspec" time="1.154"/>
  <system-out/>
</testsuite> <!-- Session13RetriveRequestSpecificationData.Retrivereqspec -->
