<?xml version="1.0" encoding="UTF-8"?>
<!-- Generated by org.testng.reporters.JUnitReportReporter -->
<testsuite hostname="inlen6239007809" failures="0" tests="1" name="Session20POJO.SerializationAndDeserialization" time="6.507" errors="0" timestamp="2025-02-03T09:42:39 IST" skipped="0">
  <testcase classname="Session20POJO.SerializationAndDeserialization" name="createJsonObjectFromEmployeeObject" time="6.507"/>
  <system-out/>
</testsuite> <!-- Session20POJO.SerializationAndDeserialization -->
