<?xml version="1.0" encoding="UTF-8"?>
<!-- Generated by org.testng.reporters.JUnitReportReporter -->
<testsuite hostname="inlen6239007809" failures="0" tests="2" name="Session03.test_GETMethod" time="3.585" errors="0" timestamp="2025-09-06T16:21:46 IST" skipped="0">
  <testcase classname="Session03.test_GETMethod" name="test02" time="0.446"/>
  <system-out/>
  <testcase classname="Session03.test_GETMethod" name="test" time="3.139"/>
  <system-out/>
</testsuite> <!-- Session03.test_GETMethod -->
