<?xml version="1.0" encoding="UTF-8"?>
<!-- Generated by org.testng.reporters.JUnitReportReporter -->
<testsuite hostname="inlen6239007809" failures="0" tests="1" name="Session26IgnoreUnknownPropertiesDuringDeserializationProcess.IgnoreUnknownField" time="0.256" errors="0" timestamp="2025-02-11T07:54:39 IST" skipped="0">
  <testcase classname="Session26IgnoreUnknownPropertiesDuringDeserializationProcess.IgnoreUnknownField" name="test1" time="0.256"/>
  <system-out/>
</testsuite> <!-- Session26IgnoreUnknownPropertiesDuringDeserializationProcess.IgnoreUnknownField -->
