<?xml version="1.0" encoding="UTF-8"?>
<!-- Generated by org.testng.reporters.JUnitReportReporter -->
<testsuite hostname="inlen6239007809" failures="0" tests="1" name="Session21CreateJSONArrayUsingPojoClass.JSONArrayPojoCLassDemo" time="6.204" errors="0" timestamp="2025-02-04T10:14:25 IST" skipped="0">
  <testcase classname="Session21CreateJSONArrayUsingPojoClass.JSONArrayPojoCLassDemo" name="createJsonArrayPayloadFromPojoClass" time="6.204"/>
  <system-out/>
</testsuite> <!-- Session21CreateJSONArrayUsingPojoClass.JSONArrayPojoCLassDemo -->
