<?xml version="1.0" encoding="UTF-8"?>
<!-- Generated by org.testng.reporters.JUnitReportReporter -->
<testsuite hostname="inlen6239007809" failures="0" tests="2" name="Session16CreateJsonArrayUsingJSONObjectOrList.JsonArrayDemo" time="4.881" errors="0" timestamp="2025-01-29T08:27:42 IST" skipped="1">
  <testcase classname="Session16CreateJsonArrayUsingJSONObjectOrList.JsonArrayDemo" name="createJsonArrayUSingList" time="4.881"/>
  <system-out/>
  <testcase classname="Session16CreateJsonArrayUsingJSONObjectOrList.JsonArrayDemo" name="createUserusingJsonArray">
    <skipped/>
  </testcase> <!-- createUserusingJsonArray -->
  <system-out/>
</testsuite> <!-- Session16CreateJsonArrayUsingJSONObjectOrList.JsonArrayDemo -->
