<?xml version="1.0" encoding="UTF-8"?>
<!-- Generated by org.testng.reporters.JUnitReportReporter -->
<testsuite hostname="inlen6239007809" failures="0" tests="2" name="Session18FileUpload.FileUpload" time="6.481" errors="0" timestamp="2025-02-13T09:50:48 IST" skipped="1">
  <testcase classname="Session18FileUpload.FileUpload" name="uploadImage" time="6.481"/>
  <system-out/>
  <testcase classname="Session18FileUpload.FileUpload" name="uploadfile">
    <skipped/>
  </testcase> <!-- uploadfile -->
  <system-out/>
</testsuite> <!-- Session18FileUpload.FileUpload -->
