<?xml version="1.0" encoding="UTF-8"?>
<!-- Generated by org.testng.reporters.JUnitReportReporter -->
<testsuite hostname="inlen6239007809" failures="0" tests="1" name="Session14_SendXMLDataAsPayloadInRequestValidateXMLresponse.ValidateXMLResponse" time="5.958" errors="0" timestamp="2025-01-25T13:53:38 IST" skipped="0">
  <testcase classname="Session14_SendXMLDataAsPayloadInRequestValidateXMLresponse.ValidateXMLResponse" name="addPet" time="5.958"/>
  <system-out/>
</testsuite> <!-- Session14_SendXMLDataAsPayloadInRequestValidateXMLresponse.ValidateXMLResponse -->
